CRITICAL - 2023-06-26 12:52:57 --> The framework needs the following extension(s) installed and loaded: intl.
in SYSTEMPATH\CodeIgniter.php on line 226.
 1 SYSTEMPATH\CodeIgniter.php(226): CodeIgniter\Exceptions\FrameworkException::forMissingExtension('intl')
 2 SYSTEMPATH\CodeIgniter.php(190): CodeIgniter\CodeIgniter->resolvePlatformExtensions()
 3 ROOTPATH\spark(83): CodeIgniter\CodeIgniter->initialize()
CRITICAL - 2023-06-26 11:21:24 --> Undefined property: CodeIgniter\View\View::$load
in APPPATH\Views\base.php on line 3.
 1 APPPATH\Views\base.php(3): CodeIgniter\Debug\Exceptions->errorHandler(2, 'Undefined property: CodeIgniter\\View\\View::$load', 'C:\\xampp-8\\htdocs\\sample-app\\app\\Views\\base.php', 3)
 2 SYSTEMPATH\View\View.php(224): include('C:\\xampp-8\\htdocs\\sample-app\\app\\Views\\base.php')
 3 SYSTEMPATH\View\View.php(227): CodeIgniter\View\View->CodeIgniter\View\{closure}()
 4 SYSTEMPATH\Common.php(1180): CodeIgniter\View\View->render('base', [], true)
 5 APPPATH\Controllers\Home.php(9): view('base')
 6 SYSTEMPATH\CodeIgniter.php(932): App\Controllers\Home->index()
 7 SYSTEMPATH\CodeIgniter.php(497): CodeIgniter\CodeIgniter->runController(Object(App\Controllers\Home))
 8 SYSTEMPATH\CodeIgniter.php(366): CodeIgniter\CodeIgniter->handleRequest(null, Object(Config\Cache), false)
 9 FCPATH\index.php(67): CodeIgniter\CodeIgniter->run()
10 SYSTEMPATH\Commands\Server\rewrite.php(47): require_once('C:\\xampp-8\\htdocs\\sample-app\\public\\index.php')
CRITICAL - 2023-06-26 11:22:47 --> Undefined variable $view
in APPPATH\Views\base.php on line 3.
 1 APPPATH\Views\base.php(3): CodeIgniter\Debug\Exceptions->errorHandler(2, 'Undefined variable $view', 'C:\\xampp-8\\htdocs\\sample-app\\app\\Views\\base.php', 3)
 2 SYSTEMPATH\View\View.php(224): include('C:\\xampp-8\\htdocs\\sample-app\\app\\Views\\base.php')
 3 SYSTEMPATH\View\View.php(227): CodeIgniter\View\View->CodeIgniter\View\{closure}()
 4 SYSTEMPATH\Common.php(1180): CodeIgniter\View\View->render('base', [], true)
 5 APPPATH\Controllers\Home.php(9): view('base')
 6 SYSTEMPATH\CodeIgniter.php(932): App\Controllers\Home->index()
 7 SYSTEMPATH\CodeIgniter.php(497): CodeIgniter\CodeIgniter->runController(Object(App\Controllers\Home))
 8 SYSTEMPATH\CodeIgniter.php(366): CodeIgniter\CodeIgniter->handleRequest(null, Object(Config\Cache), false)
 9 FCPATH\index.php(67): CodeIgniter\CodeIgniter->run()
10 SYSTEMPATH\Commands\Server\rewrite.php(47): require_once('C:\\xampp-8\\htdocs\\sample-app\\public\\index.php')
CRITICAL - 2023-06-26 11:22:48 --> Undefined variable $view
in APPPATH\Views\base.php on line 3.
 1 APPPATH\Views\base.php(3): CodeIgniter\Debug\Exceptions->errorHandler(2, 'Undefined variable $view', 'C:\\xampp-8\\htdocs\\sample-app\\app\\Views\\base.php', 3)
 2 SYSTEMPATH\View\View.php(224): include('C:\\xampp-8\\htdocs\\sample-app\\app\\Views\\base.php')
 3 SYSTEMPATH\View\View.php(227): CodeIgniter\View\View->CodeIgniter\View\{closure}()
 4 SYSTEMPATH\Common.php(1180): CodeIgniter\View\View->render('base', [], true)
 5 APPPATH\Controllers\Home.php(9): view('base')
 6 SYSTEMPATH\CodeIgniter.php(932): App\Controllers\Home->index()
 7 SYSTEMPATH\CodeIgniter.php(497): CodeIgniter\CodeIgniter->runController(Object(App\Controllers\Home))
 8 SYSTEMPATH\CodeIgniter.php(366): CodeIgniter\CodeIgniter->handleRequest(null, Object(Config\Cache), false)
 9 FCPATH\index.php(67): CodeIgniter\CodeIgniter->run()
10 SYSTEMPATH\Commands\Server\rewrite.php(47): require_once('C:\\xampp-8\\htdocs\\sample-app\\public\\index.php')
CRITICAL - 2023-06-26 11:22:49 --> Undefined variable $view
in APPPATH\Views\base.php on line 3.
 1 APPPATH\Views\base.php(3): CodeIgniter\Debug\Exceptions->errorHandler(2, 'Undefined variable $view', 'C:\\xampp-8\\htdocs\\sample-app\\app\\Views\\base.php', 3)
 2 SYSTEMPATH\View\View.php(224): include('C:\\xampp-8\\htdocs\\sample-app\\app\\Views\\base.php')
 3 SYSTEMPATH\View\View.php(227): CodeIgniter\View\View->CodeIgniter\View\{closure}()
 4 SYSTEMPATH\Common.php(1180): CodeIgniter\View\View->render('base', [], true)
 5 APPPATH\Controllers\Home.php(9): view('base')
 6 SYSTEMPATH\CodeIgniter.php(932): App\Controllers\Home->index()
 7 SYSTEMPATH\CodeIgniter.php(497): CodeIgniter\CodeIgniter->runController(Object(App\Controllers\Home))
 8 SYSTEMPATH\CodeIgniter.php(366): CodeIgniter\CodeIgniter->handleRequest(null, Object(Config\Cache), false)
 9 FCPATH\index.php(67): CodeIgniter\CodeIgniter->run()
10 SYSTEMPATH\Commands\Server\rewrite.php(47): require_once('C:\\xampp-8\\htdocs\\sample-app\\public\\index.php')
CRITICAL - 2023-06-26 11:22:49 --> Undefined variable $view
in APPPATH\Views\base.php on line 3.
 1 APPPATH\Views\base.php(3): CodeIgniter\Debug\Exceptions->errorHandler(2, 'Undefined variable $view', 'C:\\xampp-8\\htdocs\\sample-app\\app\\Views\\base.php', 3)
 2 SYSTEMPATH\View\View.php(224): include('C:\\xampp-8\\htdocs\\sample-app\\app\\Views\\base.php')
 3 SYSTEMPATH\View\View.php(227): CodeIgniter\View\View->CodeIgniter\View\{closure}()
 4 SYSTEMPATH\Common.php(1180): CodeIgniter\View\View->render('base', [], true)
 5 APPPATH\Controllers\Home.php(9): view('base')
 6 SYSTEMPATH\CodeIgniter.php(932): App\Controllers\Home->index()
 7 SYSTEMPATH\CodeIgniter.php(497): CodeIgniter\CodeIgniter->runController(Object(App\Controllers\Home))
 8 SYSTEMPATH\CodeIgniter.php(366): CodeIgniter\CodeIgniter->handleRequest(null, Object(Config\Cache), false)
 9 FCPATH\index.php(67): CodeIgniter\CodeIgniter->run()
10 SYSTEMPATH\Commands\Server\rewrite.php(47): require_once('C:\\xampp-8\\htdocs\\sample-app\\public\\index.php')
CRITICAL - 2023-06-26 11:22:49 --> Undefined variable $view
in APPPATH\Views\base.php on line 3.
 1 APPPATH\Views\base.php(3): CodeIgniter\Debug\Exceptions->errorHandler(2, 'Undefined variable $view', 'C:\\xampp-8\\htdocs\\sample-app\\app\\Views\\base.php', 3)
 2 SYSTEMPATH\View\View.php(224): include('C:\\xampp-8\\htdocs\\sample-app\\app\\Views\\base.php')
 3 SYSTEMPATH\View\View.php(227): CodeIgniter\View\View->CodeIgniter\View\{closure}()
 4 SYSTEMPATH\Common.php(1180): CodeIgniter\View\View->render('base', [], true)
 5 APPPATH\Controllers\Home.php(9): view('base')
 6 SYSTEMPATH\CodeIgniter.php(932): App\Controllers\Home->index()
 7 SYSTEMPATH\CodeIgniter.php(497): CodeIgniter\CodeIgniter->runController(Object(App\Controllers\Home))
 8 SYSTEMPATH\CodeIgniter.php(366): CodeIgniter\CodeIgniter->handleRequest(null, Object(Config\Cache), false)
 9 FCPATH\index.php(67): CodeIgniter\CodeIgniter->run()
10 SYSTEMPATH\Commands\Server\rewrite.php(47): require_once('C:\\xampp-8\\htdocs\\sample-app\\public\\index.php')
CRITICAL - 2023-06-26 11:22:49 --> Undefined variable $view
in APPPATH\Views\base.php on line 3.
 1 APPPATH\Views\base.php(3): CodeIgniter\Debug\Exceptions->errorHandler(2, 'Undefined variable $view', 'C:\\xampp-8\\htdocs\\sample-app\\app\\Views\\base.php', 3)
 2 SYSTEMPATH\View\View.php(224): include('C:\\xampp-8\\htdocs\\sample-app\\app\\Views\\base.php')
 3 SYSTEMPATH\View\View.php(227): CodeIgniter\View\View->CodeIgniter\View\{closure}()
 4 SYSTEMPATH\Common.php(1180): CodeIgniter\View\View->render('base', [], true)
 5 APPPATH\Controllers\Home.php(9): view('base')
 6 SYSTEMPATH\CodeIgniter.php(932): App\Controllers\Home->index()
 7 SYSTEMPATH\CodeIgniter.php(497): CodeIgniter\CodeIgniter->runController(Object(App\Controllers\Home))
 8 SYSTEMPATH\CodeIgniter.php(366): CodeIgniter\CodeIgniter->handleRequest(null, Object(Config\Cache), false)
 9 FCPATH\index.php(67): CodeIgniter\CodeIgniter->run()
10 SYSTEMPATH\Commands\Server\rewrite.php(47): require_once('C:\\xampp-8\\htdocs\\sample-app\\public\\index.php')
CRITICAL - 2023-06-26 11:22:50 --> Undefined variable $view
in APPPATH\Views\base.php on line 3.
 1 APPPATH\Views\base.php(3): CodeIgniter\Debug\Exceptions->errorHandler(2, 'Undefined variable $view', 'C:\\xampp-8\\htdocs\\sample-app\\app\\Views\\base.php', 3)
 2 SYSTEMPATH\View\View.php(224): include('C:\\xampp-8\\htdocs\\sample-app\\app\\Views\\base.php')
 3 SYSTEMPATH\View\View.php(227): CodeIgniter\View\View->CodeIgniter\View\{closure}()
 4 SYSTEMPATH\Common.php(1180): CodeIgniter\View\View->render('base', [], true)
 5 APPPATH\Controllers\Home.php(9): view('base')
 6 SYSTEMPATH\CodeIgniter.php(932): App\Controllers\Home->index()
 7 SYSTEMPATH\CodeIgniter.php(497): CodeIgniter\CodeIgniter->runController(Object(App\Controllers\Home))
 8 SYSTEMPATH\CodeIgniter.php(366): CodeIgniter\CodeIgniter->handleRequest(null, Object(Config\Cache), false)
 9 FCPATH\index.php(67): CodeIgniter\CodeIgniter->run()
10 SYSTEMPATH\Commands\Server\rewrite.php(47): require_once('C:\\xampp-8\\htdocs\\sample-app\\public\\index.php')
CRITICAL - 2023-06-26 11:22:55 --> Call to undefined method CodeIgniter\View\View::view()
in APPPATH\Views\base.php on line 3.
 1 SYSTEMPATH\View\View.php(224): include()
 2 SYSTEMPATH\View\View.php(227): CodeIgniter\View\View->CodeIgniter\View\{closure}()
 3 SYSTEMPATH\Common.php(1180): CodeIgniter\View\View->render('base', [], true)
 4 APPPATH\Controllers\Home.php(9): view('base')
 5 SYSTEMPATH\CodeIgniter.php(932): App\Controllers\Home->index()
 6 SYSTEMPATH\CodeIgniter.php(497): CodeIgniter\CodeIgniter->runController(Object(App\Controllers\Home))
 7 SYSTEMPATH\CodeIgniter.php(366): CodeIgniter\CodeIgniter->handleRequest(null, Object(Config\Cache), false)
 8 FCPATH\index.php(67): CodeIgniter\CodeIgniter->run()
 9 SYSTEMPATH\Commands\Server\rewrite.php(47): require_once('C:\\xampp-8\\htdocs\\sample-app\\public\\index.php')
CRITICAL - 2023-06-26 11:22:56 --> Call to undefined method CodeIgniter\View\View::view()
in APPPATH\Views\base.php on line 3.
 1 SYSTEMPATH\View\View.php(224): include()
 2 SYSTEMPATH\View\View.php(227): CodeIgniter\View\View->CodeIgniter\View\{closure}()
 3 SYSTEMPATH\Common.php(1180): CodeIgniter\View\View->render('base', [], true)
 4 APPPATH\Controllers\Home.php(9): view('base')
 5 SYSTEMPATH\CodeIgniter.php(932): App\Controllers\Home->index()
 6 SYSTEMPATH\CodeIgniter.php(497): CodeIgniter\CodeIgniter->runController(Object(App\Controllers\Home))
 7 SYSTEMPATH\CodeIgniter.php(366): CodeIgniter\CodeIgniter->handleRequest(null, Object(Config\Cache), false)
 8 FCPATH\index.php(67): CodeIgniter\CodeIgniter->run()
 9 SYSTEMPATH\Commands\Server\rewrite.php(47): require_once('C:\\xampp-8\\htdocs\\sample-app\\public\\index.php')
CRITICAL - 2023-06-26 11:22:57 --> Call to undefined method CodeIgniter\View\View::view()
in APPPATH\Views\base.php on line 3.
 1 SYSTEMPATH\View\View.php(224): include()
 2 SYSTEMPATH\View\View.php(227): CodeIgniter\View\View->CodeIgniter\View\{closure}()
 3 SYSTEMPATH\Common.php(1180): CodeIgniter\View\View->render('base', [], true)
 4 APPPATH\Controllers\Home.php(9): view('base')
 5 SYSTEMPATH\CodeIgniter.php(932): App\Controllers\Home->index()
 6 SYSTEMPATH\CodeIgniter.php(497): CodeIgniter\CodeIgniter->runController(Object(App\Controllers\Home))
 7 SYSTEMPATH\CodeIgniter.php(366): CodeIgniter\CodeIgniter->handleRequest(null, Object(Config\Cache), false)
 8 FCPATH\index.php(67): CodeIgniter\CodeIgniter->run()
 9 SYSTEMPATH\Commands\Server\rewrite.php(47): require_once('C:\\xampp-8\\htdocs\\sample-app\\public\\index.php')
CRITICAL - 2023-06-26 11:22:57 --> Call to undefined method CodeIgniter\View\View::view()
in APPPATH\Views\base.php on line 3.
 1 SYSTEMPATH\View\View.php(224): include()
 2 SYSTEMPATH\View\View.php(227): CodeIgniter\View\View->CodeIgniter\View\{closure}()
 3 SYSTEMPATH\Common.php(1180): CodeIgniter\View\View->render('base', [], true)
 4 APPPATH\Controllers\Home.php(9): view('base')
 5 SYSTEMPATH\CodeIgniter.php(932): App\Controllers\Home->index()
 6 SYSTEMPATH\CodeIgniter.php(497): CodeIgniter\CodeIgniter->runController(Object(App\Controllers\Home))
 7 SYSTEMPATH\CodeIgniter.php(366): CodeIgniter\CodeIgniter->handleRequest(null, Object(Config\Cache), false)
 8 FCPATH\index.php(67): CodeIgniter\CodeIgniter->run()
 9 SYSTEMPATH\Commands\Server\rewrite.php(47): require_once('C:\\xampp-8\\htdocs\\sample-app\\public\\index.php')
CRITICAL - 2023-06-26 11:22:58 --> Call to undefined method CodeIgniter\View\View::view()
in APPPATH\Views\base.php on line 3.
 1 SYSTEMPATH\View\View.php(224): include()
 2 SYSTEMPATH\View\View.php(227): CodeIgniter\View\View->CodeIgniter\View\{closure}()
 3 SYSTEMPATH\Common.php(1180): CodeIgniter\View\View->render('base', [], true)
 4 APPPATH\Controllers\Home.php(9): view('base')
 5 SYSTEMPATH\CodeIgniter.php(932): App\Controllers\Home->index()
 6 SYSTEMPATH\CodeIgniter.php(497): CodeIgniter\CodeIgniter->runController(Object(App\Controllers\Home))
 7 SYSTEMPATH\CodeIgniter.php(366): CodeIgniter\CodeIgniter->handleRequest(null, Object(Config\Cache), false)
 8 FCPATH\index.php(67): CodeIgniter\CodeIgniter->run()
 9 SYSTEMPATH\Commands\Server\rewrite.php(47): require_once('C:\\xampp-8\\htdocs\\sample-app\\public\\index.php')
CRITICAL - 2023-06-26 11:22:58 --> Call to undefined method CodeIgniter\View\View::view()
in APPPATH\Views\base.php on line 3.
 1 SYSTEMPATH\View\View.php(224): include()
 2 SYSTEMPATH\View\View.php(227): CodeIgniter\View\View->CodeIgniter\View\{closure}()
 3 SYSTEMPATH\Common.php(1180): CodeIgniter\View\View->render('base', [], true)
 4 APPPATH\Controllers\Home.php(9): view('base')
 5 SYSTEMPATH\CodeIgniter.php(932): App\Controllers\Home->index()
 6 SYSTEMPATH\CodeIgniter.php(497): CodeIgniter\CodeIgniter->runController(Object(App\Controllers\Home))
 7 SYSTEMPATH\CodeIgniter.php(366): CodeIgniter\CodeIgniter->handleRequest(null, Object(Config\Cache), false)
 8 FCPATH\index.php(67): CodeIgniter\CodeIgniter->run()
 9 SYSTEMPATH\Commands\Server\rewrite.php(47): require_once('C:\\xampp-8\\htdocs\\sample-app\\public\\index.php')
CRITICAL - 2023-06-26 11:22:58 --> Call to undefined method CodeIgniter\View\View::view()
in APPPATH\Views\base.php on line 3.
 1 SYSTEMPATH\View\View.php(224): include()
 2 SYSTEMPATH\View\View.php(227): CodeIgniter\View\View->CodeIgniter\View\{closure}()
 3 SYSTEMPATH\Common.php(1180): CodeIgniter\View\View->render('base', [], true)
 4 APPPATH\Controllers\Home.php(9): view('base')
 5 SYSTEMPATH\CodeIgniter.php(932): App\Controllers\Home->index()
 6 SYSTEMPATH\CodeIgniter.php(497): CodeIgniter\CodeIgniter->runController(Object(App\Controllers\Home))
 7 SYSTEMPATH\CodeIgniter.php(366): CodeIgniter\CodeIgniter->handleRequest(null, Object(Config\Cache), false)
 8 FCPATH\index.php(67): CodeIgniter\CodeIgniter->run()
 9 SYSTEMPATH\Commands\Server\rewrite.php(47): require_once('C:\\xampp-8\\htdocs\\sample-app\\public\\index.php')
CRITICAL - 2023-06-26 11:22:59 --> Call to undefined method CodeIgniter\View\View::view()
in APPPATH\Views\base.php on line 3.
 1 SYSTEMPATH\View\View.php(224): include()
 2 SYSTEMPATH\View\View.php(227): CodeIgniter\View\View->CodeIgniter\View\{closure}()
 3 SYSTEMPATH\Common.php(1180): CodeIgniter\View\View->render('base', [], true)
 4 APPPATH\Controllers\Home.php(9): view('base')
 5 SYSTEMPATH\CodeIgniter.php(932): App\Controllers\Home->index()
 6 SYSTEMPATH\CodeIgniter.php(497): CodeIgniter\CodeIgniter->runController(Object(App\Controllers\Home))
 7 SYSTEMPATH\CodeIgniter.php(366): CodeIgniter\CodeIgniter->handleRequest(null, Object(Config\Cache), false)
 8 FCPATH\index.php(67): CodeIgniter\CodeIgniter->run()
 9 SYSTEMPATH\Commands\Server\rewrite.php(47): require_once('C:\\xampp-8\\htdocs\\sample-app\\public\\index.php')
CRITICAL - 2023-06-26 11:28:44 --> Invalid file: "base.php"
in SYSTEMPATH\Exceptions\FrameworkException.php on line 33.
 1 SYSTEMPATH\View\View.php(212): CodeIgniter\Exceptions\FrameworkException::forInvalidFile('base.php')
 2 SYSTEMPATH\Common.php(1180): CodeIgniter\View\View->render('base', [], true)
 3 APPPATH\Controllers\Home.php(9): view('base')
 4 SYSTEMPATH\CodeIgniter.php(932): App\Controllers\Home->index()
 5 SYSTEMPATH\CodeIgniter.php(497): CodeIgniter\CodeIgniter->runController(Object(App\Controllers\Home))
 6 SYSTEMPATH\CodeIgniter.php(366): CodeIgniter\CodeIgniter->handleRequest(null, Object(Config\Cache), false)
 7 FCPATH\index.php(67): CodeIgniter\CodeIgniter->run()
 8 SYSTEMPATH\Commands\Server\rewrite.php(47): require_once('C:\\xampp-8\\htdocs\\sample-app\\public\\index.php')
CRITICAL - 2023-06-26 11:29:33 --> Undefined variable $title
in APPPATH\Views\header.php on line 6.
 1 APPPATH\Views\header.php(6): CodeIgniter\Debug\Exceptions->errorHandler(2, 'Undefined variable $title', 'C:\\xampp-8\\htdocs\\sample-app\\app\\Views\\header.php', 6)
 2 SYSTEMPATH\View\View.php(224): include('C:\\xampp-8\\htdocs\\sample-app\\app\\Views\\header.php')
 3 SYSTEMPATH\View\View.php(227): CodeIgniter\View\View->CodeIgniter\View\{closure}()
 4 SYSTEMPATH\Common.php(1180): CodeIgniter\View\View->render('header', [], true)
 5 APPPATH\Controllers\Home.php(9): view('header')
 6 SYSTEMPATH\CodeIgniter.php(932): App\Controllers\Home->index()
 7 SYSTEMPATH\CodeIgniter.php(497): CodeIgniter\CodeIgniter->runController(Object(App\Controllers\Home))
 8 SYSTEMPATH\CodeIgniter.php(366): CodeIgniter\CodeIgniter->handleRequest(null, Object(Config\Cache), false)
 9 FCPATH\index.php(67): CodeIgniter\CodeIgniter->run()
10 SYSTEMPATH\Commands\Server\rewrite.php(47): require_once('C:\\xampp-8\\htdocs\\sample-app\\public\\index.php')
ERROR - 2023-06-26 12:14:28 --> Error connecting to the database: mysqli_sql_exception: Access denied for user ''@'localhost' (using password: NO) in C:\xampp-8\htdocs\sample-app\system\Database\MySQLi\Connection.php:173
Stack trace:
#0 C:\xampp-8\htdocs\sample-app\system\Database\MySQLi\Connection.php(173): mysqli->real_connect('localhost', '', Object(SensitiveParameterValue), '', 3306, '', 0)
#1 C:\xampp-8\htdocs\sample-app\system\Database\BaseConnection.php(391): CodeIgniter\Database\MySQLi\Connection->connect(false)
#2 C:\xampp-8\htdocs\sample-app\system\Database\BaseConnection.php(574): CodeIgniter\Database\BaseConnection->initialize()
#3 C:\xampp-8\htdocs\sample-app\system\Database\BaseBuilder.php(1616): CodeIgniter\Database\BaseConnection->query('SELECT *\nFROM `...', Array, false)
#4 C:\xampp-8\htdocs\sample-app\system\Model.php(241): CodeIgniter\Database\BaseBuilder->get()
#5 C:\xampp-8\htdocs\sample-app\system\BaseModel.php(618): CodeIgniter\Model->doFindAll(0, 0)
#6 C:\xampp-8\htdocs\sample-app\app\Controllers\Home.php(13): CodeIgniter\BaseModel->findAll()
#7 C:\xampp-8\htdocs\sample-app\system\CodeIgniter.php(932): App\Controllers\Home->index()
#8 C:\xampp-8\htdocs\sample-app\system\CodeIgniter.php(497): CodeIgniter\CodeIgniter->runController(Object(App\Controllers\Home))
#9 C:\xampp-8\htdocs\sample-app\system\CodeIgniter.php(366): CodeIgniter\CodeIgniter->handleRequest(NULL, Object(Config\Cache), false)
#10 C:\xampp-8\htdocs\sample-app\public\index.php(67): CodeIgniter\CodeIgniter->run()
#11 C:\xampp-8\htdocs\sample-app\system\Commands\Server\rewrite.php(47): require_once('C:\\xampp-8\\htdo...')
#12 {main}

Next CodeIgniter\Database\Exceptions\DatabaseException: Access denied for user ''@'localhost' (using password: NO) in C:\xampp-8\htdocs\sample-app\system\Database\MySQLi\Connection.php:218
Stack trace:
#0 C:\xampp-8\htdocs\sample-app\system\Database\BaseConnection.php(391): CodeIgniter\Database\MySQLi\Connection->connect(false)
#1 C:\xampp-8\htdocs\sample-app\system\Database\BaseConnection.php(574): CodeIgniter\Database\BaseConnection->initialize()
#2 C:\xampp-8\htdocs\sample-app\system\Database\BaseBuilder.php(1616): CodeIgniter\Database\BaseConnection->query('SELECT *\nFROM `...', Array, false)
#3 C:\xampp-8\htdocs\sample-app\system\Model.php(241): CodeIgniter\Database\BaseBuilder->get()
#4 C:\xampp-8\htdocs\sample-app\system\BaseModel.php(618): CodeIgniter\Model->doFindAll(0, 0)
#5 C:\xampp-8\htdocs\sample-app\app\Controllers\Home.php(13): CodeIgniter\BaseModel->findAll()
#6 C:\xampp-8\htdocs\sample-app\system\CodeIgniter.php(932): App\Controllers\Home->index()
#7 C:\xampp-8\htdocs\sample-app\system\CodeIgniter.php(497): CodeIgniter\CodeIgniter->runController(Object(App\Controllers\Home))
#8 C:\xampp-8\htdocs\sample-app\system\CodeIgniter.php(366): CodeIgniter\CodeIgniter->handleRequest(NULL, Object(Config\Cache), false)
#9 C:\xampp-8\htdocs\sample-app\public\index.php(67): CodeIgniter\CodeIgniter->run()
#10 C:\xampp-8\htdocs\sample-app\system\Commands\Server\rewrite.php(47): require_once('C:\\xampp-8\\htdo...')
#11 {main}
CRITICAL - 2023-06-26 12:14:28 --> Unable to connect to the database.
Main connection [MySQLi]: Access denied for user ''@'localhost' (using password: NO)
in SYSTEMPATH\Database\BaseConnection.php on line 427.
 1 SYSTEMPATH\Database\BaseConnection.php(574): CodeIgniter\Database\BaseConnection->initialize()
 2 SYSTEMPATH\Database\BaseBuilder.php(1616): CodeIgniter\Database\BaseConnection->query('SELECT *
FROM `employees`', [], false)
 3 SYSTEMPATH\Model.php(241): CodeIgniter\Database\BaseBuilder->get()
 4 SYSTEMPATH\BaseModel.php(618): CodeIgniter\Model->doFindAll(0, 0)
 5 APPPATH\Controllers\Home.php(13): CodeIgniter\BaseModel->findAll()
 6 SYSTEMPATH\CodeIgniter.php(932): App\Controllers\Home->index()
 7 SYSTEMPATH\CodeIgniter.php(497): CodeIgniter\CodeIgniter->runController(Object(App\Controllers\Home))
 8 SYSTEMPATH\CodeIgniter.php(366): CodeIgniter\CodeIgniter->handleRequest(null, Object(Config\Cache), false)
 9 FCPATH\index.php(67): CodeIgniter\CodeIgniter->run()
10 SYSTEMPATH\Commands\Server\rewrite.php(47): require_once('C:\\xampp-8\\htdocs\\sample-app\\public\\index.php')
CRITICAL - 2023-06-26 12:19:12 --> Attempt to read property "firstname" on array
in APPPATH\Views\home.php on line 20.
 1 APPPATH\Views\home.php(20): CodeIgniter\Debug\Exceptions->errorHandler(2, 'Attempt to read property "firstname" on array', 'C:\\xampp-8\\htdocs\\sample-app\\app\\Views\\home.php', 20)
 2 SYSTEMPATH\View\View.php(224): include('C:\\xampp-8\\htdocs\\sample-app\\app\\Views\\home.php')
 3 SYSTEMPATH\View\View.php(227): CodeIgniter\View\View->CodeIgniter\View\{closure}()
 4 SYSTEMPATH\Common.php(1180): CodeIgniter\View\View->render('home', [], true)
 5 APPPATH\Controllers\Home.php(14): view('home', [...])
 6 SYSTEMPATH\CodeIgniter.php(932): App\Controllers\Home->index()
 7 SYSTEMPATH\CodeIgniter.php(497): CodeIgniter\CodeIgniter->runController(Object(App\Controllers\Home))
 8 SYSTEMPATH\CodeIgniter.php(366): CodeIgniter\CodeIgniter->handleRequest(null, Object(Config\Cache), false)
 9 FCPATH\index.php(67): CodeIgniter\CodeIgniter->run()
10 SYSTEMPATH\Commands\Server\rewrite.php(47): require_once('C:\\xampp-8\\htdocs\\sample-app\\public\\index.php')
CRITICAL - 2023-06-26 12:19:50 --> Undefined variable $firstname
in APPPATH\Views\home.php on line 20.
 1 APPPATH\Views\home.php(20): CodeIgniter\Debug\Exceptions->errorHandler(2, 'Undefined variable $firstname', 'C:\\xampp-8\\htdocs\\sample-app\\app\\Views\\home.php', 20)
 2 SYSTEMPATH\View\View.php(224): include('C:\\xampp-8\\htdocs\\sample-app\\app\\Views\\home.php')
 3 SYSTEMPATH\View\View.php(227): CodeIgniter\View\View->CodeIgniter\View\{closure}()
 4 SYSTEMPATH\Common.php(1180): CodeIgniter\View\View->render('home', [], true)
 5 APPPATH\Controllers\Home.php(14): view('home', [...])
 6 SYSTEMPATH\CodeIgniter.php(932): App\Controllers\Home->index()
 7 SYSTEMPATH\CodeIgniter.php(497): CodeIgniter\CodeIgniter->runController(Object(App\Controllers\Home))
 8 SYSTEMPATH\CodeIgniter.php(366): CodeIgniter\CodeIgniter->handleRequest(null, Object(Config\Cache), false)
 9 FCPATH\index.php(67): CodeIgniter\CodeIgniter->run()
10 SYSTEMPATH\Commands\Server\rewrite.php(47): require_once('C:\\xampp-8\\htdocs\\sample-app\\public\\index.php')
CRITICAL - 2023-06-26 12:19:51 --> Undefined variable $firstname
in APPPATH\Views\home.php on line 20.
 1 APPPATH\Views\home.php(20): CodeIgniter\Debug\Exceptions->errorHandler(2, 'Undefined variable $firstname', 'C:\\xampp-8\\htdocs\\sample-app\\app\\Views\\home.php', 20)
 2 SYSTEMPATH\View\View.php(224): include('C:\\xampp-8\\htdocs\\sample-app\\app\\Views\\home.php')
 3 SYSTEMPATH\View\View.php(227): CodeIgniter\View\View->CodeIgniter\View\{closure}()
 4 SYSTEMPATH\Common.php(1180): CodeIgniter\View\View->render('home', [], true)
 5 APPPATH\Controllers\Home.php(14): view('home', [...])
 6 SYSTEMPATH\CodeIgniter.php(932): App\Controllers\Home->index()
 7 SYSTEMPATH\CodeIgniter.php(497): CodeIgniter\CodeIgniter->runController(Object(App\Controllers\Home))
 8 SYSTEMPATH\CodeIgniter.php(366): CodeIgniter\CodeIgniter->handleRequest(null, Object(Config\Cache), false)
 9 FCPATH\index.php(67): CodeIgniter\CodeIgniter->run()
10 SYSTEMPATH\Commands\Server\rewrite.php(47): require_once('C:\\xampp-8\\htdocs\\sample-app\\public\\index.php')
CRITICAL - 2023-06-26 12:19:55 --> Attempt to read property "firstname" on array
in APPPATH\Views\home.php on line 20.
 1 APPPATH\Views\home.php(20): CodeIgniter\Debug\Exceptions->errorHandler(2, 'Attempt to read property "firstname" on array', 'C:\\xampp-8\\htdocs\\sample-app\\app\\Views\\home.php', 20)
 2 SYSTEMPATH\View\View.php(224): include('C:\\xampp-8\\htdocs\\sample-app\\app\\Views\\home.php')
 3 SYSTEMPATH\View\View.php(227): CodeIgniter\View\View->CodeIgniter\View\{closure}()
 4 SYSTEMPATH\Common.php(1180): CodeIgniter\View\View->render('home', [], true)
 5 APPPATH\Controllers\Home.php(14): view('home', [...])
 6 SYSTEMPATH\CodeIgniter.php(932): App\Controllers\Home->index()
 7 SYSTEMPATH\CodeIgniter.php(497): CodeIgniter\CodeIgniter->runController(Object(App\Controllers\Home))
 8 SYSTEMPATH\CodeIgniter.php(366): CodeIgniter\CodeIgniter->handleRequest(null, Object(Config\Cache), false)
 9 FCPATH\index.php(67): CodeIgniter\CodeIgniter->run()
10 SYSTEMPATH\Commands\Server\rewrite.php(47): require_once('C:\\xampp-8\\htdocs\\sample-app\\public\\index.php')
CRITICAL - 2023-06-26 12:22:24 --> Array to string conversion
in APPPATH\Views\home.php on line 20.
 1 APPPATH\Views\home.php(20): CodeIgniter\Debug\Exceptions->errorHandler(2, 'Array to string conversion', 'C:\\xampp-8\\htdocs\\sample-app\\app\\Views\\home.php', 20)
 2 SYSTEMPATH\View\View.php(224): include('C:\\xampp-8\\htdocs\\sample-app\\app\\Views\\home.php')
 3 SYSTEMPATH\View\View.php(227): CodeIgniter\View\View->CodeIgniter\View\{closure}()
 4 SYSTEMPATH\Common.php(1180): CodeIgniter\View\View->render('home', [], true)
 5 APPPATH\Controllers\Home.php(14): view('home', [...])
 6 SYSTEMPATH\CodeIgniter.php(932): App\Controllers\Home->index()
 7 SYSTEMPATH\CodeIgniter.php(497): CodeIgniter\CodeIgniter->runController(Object(App\Controllers\Home))
 8 SYSTEMPATH\CodeIgniter.php(366): CodeIgniter\CodeIgniter->handleRequest(null, Object(Config\Cache), false)
 9 FCPATH\index.php(67): CodeIgniter\CodeIgniter->run()
10 SYSTEMPATH\Commands\Server\rewrite.php(47): require_once('C:\\xampp-8\\htdocs\\sample-app\\public\\index.php')
CRITICAL - 2023-06-26 12:31:07 --> Call to undefined function App\Controllers\load()
in APPPATH\Controllers\Home.php on line 13.
 1 SYSTEMPATH\CodeIgniter.php(932): App\Controllers\Home->index()
 2 SYSTEMPATH\CodeIgniter.php(497): CodeIgniter\CodeIgniter->runController(Object(App\Controllers\Home))
 3 SYSTEMPATH\CodeIgniter.php(366): CodeIgniter\CodeIgniter->handleRequest(null, Object(Config\Cache), false)
 4 FCPATH\index.php(67): CodeIgniter\CodeIgniter->run()
 5 SYSTEMPATH\Commands\Server\rewrite.php(47): require_once('C:\\xampp-8\\htdocs\\sample-app\\public\\index.php')
CRITICAL - 2023-06-26 13:16:08 --> Undefined variable $employee
in APPPATH\Views\employee-form.php on line 8.
 1 APPPATH\Views\employee-form.php(8): CodeIgniter\Debug\Exceptions->errorHandler(2, 'Undefined variable $employee', 'C:\\xampp-8\\htdocs\\sample-app\\app\\Views\\employee-form.php', 8)
 2 SYSTEMPATH\View\View.php(224): include('C:\\xampp-8\\htdocs\\sample-app\\app\\Views\\employee-form.php')
 3 SYSTEMPATH\View\View.php(227): CodeIgniter\View\View->CodeIgniter\View\{closure}()
 4 SYSTEMPATH\Common.php(1180): CodeIgniter\View\View->render('employee-form', [], true)
 5 APPPATH\Controllers\Home.php(30): view('employee-form', [...])
 6 SYSTEMPATH\CodeIgniter.php(932): App\Controllers\Home->form()
 7 SYSTEMPATH\CodeIgniter.php(497): CodeIgniter\CodeIgniter->runController(Object(App\Controllers\Home))
 8 SYSTEMPATH\CodeIgniter.php(366): CodeIgniter\CodeIgniter->handleRequest(null, Object(Config\Cache), false)
 9 FCPATH\index.php(67): CodeIgniter\CodeIgniter->run()
10 SYSTEMPATH\Commands\Server\rewrite.php(47): require_once('C:\\xampp-8\\htdocs\\sample-app\\public\\index.php')
CRITICAL - 2023-06-26 13:18:21 --> Call to undefined method CodeIgniter\HTTP\URI::segment()
in APPPATH\Controllers\Home.php on line 20.
 1 SYSTEMPATH\CodeIgniter.php(932): App\Controllers\Home->form()
 2 SYSTEMPATH\CodeIgniter.php(497): CodeIgniter\CodeIgniter->runController(Object(App\Controllers\Home))
 3 SYSTEMPATH\CodeIgniter.php(366): CodeIgniter\CodeIgniter->handleRequest(null, Object(Config\Cache), false)
 4 FCPATH\index.php(67): CodeIgniter\CodeIgniter->run()
 5 SYSTEMPATH\Commands\Server\rewrite.php(47): require_once('C:\\xampp-8\\htdocs\\sample-app\\public\\index.php')
CRITICAL - 2023-06-26 13:19:58 --> Undefined property: App\Controllers\Home::$uri
in APPPATH\Controllers\Home.php on line 20.
 1 APPPATH\Controllers\Home.php(20): CodeIgniter\Debug\Exceptions->errorHandler(2, 'Undefined property: App\\Controllers\\Home::$uri', 'C:\\xampp-8\\htdocs\\sample-app\\app\\Controllers\\Home.php', 20)
 2 SYSTEMPATH\CodeIgniter.php(932): App\Controllers\Home->form()
 3 SYSTEMPATH\CodeIgniter.php(497): CodeIgniter\CodeIgniter->runController(Object(App\Controllers\Home))
 4 SYSTEMPATH\CodeIgniter.php(366): CodeIgniter\CodeIgniter->handleRequest(null, Object(Config\Cache), false)
 5 FCPATH\index.php(67): CodeIgniter\CodeIgniter->run()
 6 SYSTEMPATH\Commands\Server\rewrite.php(47): require_once('C:\\xampp-8\\htdocs\\sample-app\\public\\index.php')
CRITICAL - 2023-06-26 13:20:29 --> Undefined variable $request
in APPPATH\Controllers\Home.php on line 20.
 1 APPPATH\Controllers\Home.php(20): CodeIgniter\Debug\Exceptions->errorHandler(2, 'Undefined variable $request', 'C:\\xampp-8\\htdocs\\sample-app\\app\\Controllers\\Home.php', 20)
 2 SYSTEMPATH\CodeIgniter.php(932): App\Controllers\Home->form()
 3 SYSTEMPATH\CodeIgniter.php(497): CodeIgniter\CodeIgniter->runController(Object(App\Controllers\Home))
 4 SYSTEMPATH\CodeIgniter.php(366): CodeIgniter\CodeIgniter->handleRequest(null, Object(Config\Cache), false)
 5 FCPATH\index.php(67): CodeIgniter\CodeIgniter->run()
 6 SYSTEMPATH\Commands\Server\rewrite.php(47): require_once('C:\\xampp-8\\htdocs\\sample-app\\public\\index.php')
CRITICAL - 2023-06-26 13:29:03 --> Cannot access offset of type string on string
in APPPATH\Views\employee-form.php on line 26.
 1 SYSTEMPATH\View\View.php(224): include()
 2 SYSTEMPATH\View\View.php(227): CodeIgniter\View\View->CodeIgniter\View\{closure}()
 3 SYSTEMPATH\Common.php(1180): CodeIgniter\View\View->render('employee-form', [], true)
 4 APPPATH\Controllers\Home.php(34): view('employee-form', [...])
 5 SYSTEMPATH\CodeIgniter.php(932): App\Controllers\Home->form()
 6 SYSTEMPATH\CodeIgniter.php(497): CodeIgniter\CodeIgniter->runController(Object(App\Controllers\Home))
 7 SYSTEMPATH\CodeIgniter.php(366): CodeIgniter\CodeIgniter->handleRequest(null, Object(Config\Cache), false)
 8 FCPATH\index.php(67): CodeIgniter\CodeIgniter->run()
 9 SYSTEMPATH\Commands\Server\rewrite.php(47): require_once('C:\\xampp-8\\htdocs\\sample-app\\public\\index.php')
CRITICAL - 2023-06-26 13:29:08 --> Trying to access array offset on value of type null
in APPPATH\Views\employee-form.php on line 8.
 1 APPPATH\Views\employee-form.php(8): CodeIgniter\Debug\Exceptions->errorHandler(2, 'Trying to access array offset on value of type null', 'C:\\xampp-8\\htdocs\\sample-app\\app\\Views\\employee-form.php', 8)
 2 SYSTEMPATH\View\View.php(224): include('C:\\xampp-8\\htdocs\\sample-app\\app\\Views\\employee-form.php')
 3 SYSTEMPATH\View\View.php(227): CodeIgniter\View\View->CodeIgniter\View\{closure}()
 4 SYSTEMPATH\Common.php(1180): CodeIgniter\View\View->render('employee-form', [], true)
 5 APPPATH\Controllers\Home.php(34): view('employee-form', [...])
 6 SYSTEMPATH\CodeIgniter.php(932): App\Controllers\Home->form()
 7 SYSTEMPATH\CodeIgniter.php(497): CodeIgniter\CodeIgniter->runController(Object(App\Controllers\Home))
 8 SYSTEMPATH\CodeIgniter.php(366): CodeIgniter\CodeIgniter->handleRequest(null, Object(Config\Cache), false)
 9 FCPATH\index.php(67): CodeIgniter\CodeIgniter->run()
10 SYSTEMPATH\Commands\Server\rewrite.php(47): require_once('C:\\xampp-8\\htdocs\\sample-app\\public\\index.php')
CRITICAL - 2023-06-26 13:32:58 --> foreach() argument must be of type array|object, null given
in APPPATH\Views\employee-form.php on line 25.
 1 APPPATH\Views\employee-form.php(25): CodeIgniter\Debug\Exceptions->errorHandler(2, 'foreach() argument must be of type array|object, null given', 'C:\\xampp-8\\htdocs\\sample-app\\app\\Views\\employee-form.php', 25)
 2 SYSTEMPATH\View\View.php(224): include('C:\\xampp-8\\htdocs\\sample-app\\app\\Views\\employee-form.php')
 3 SYSTEMPATH\View\View.php(227): CodeIgniter\View\View->CodeIgniter\View\{closure}()
 4 SYSTEMPATH\Common.php(1180): CodeIgniter\View\View->render('employee-form', [], true)
 5 APPPATH\Controllers\Home.php(34): view('employee-form', [...])
 6 SYSTEMPATH\CodeIgniter.php(932): App\Controllers\Home->form()
 7 SYSTEMPATH\CodeIgniter.php(497): CodeIgniter\CodeIgniter->runController(Object(App\Controllers\Home))
 8 SYSTEMPATH\CodeIgniter.php(366): CodeIgniter\CodeIgniter->handleRequest(null, Object(Config\Cache), false)
 9 FCPATH\index.php(67): CodeIgniter\CodeIgniter->run()
10 SYSTEMPATH\Commands\Server\rewrite.php(47): require_once('C:\\xampp-8\\htdocs\\sample-app\\public\\index.php')
CRITICAL - 2023-06-26 13:33:26 --> foreach() argument must be of type array|object, null given
in APPPATH\Views\employee-form.php on line 25.
 1 APPPATH\Views\employee-form.php(25): CodeIgniter\Debug\Exceptions->errorHandler(2, 'foreach() argument must be of type array|object, null given', 'C:\\xampp-8\\htdocs\\sample-app\\app\\Views\\employee-form.php', 25)
 2 SYSTEMPATH\View\View.php(224): include('C:\\xampp-8\\htdocs\\sample-app\\app\\Views\\employee-form.php')
 3 SYSTEMPATH\View\View.php(227): CodeIgniter\View\View->CodeIgniter\View\{closure}()
 4 SYSTEMPATH\Common.php(1180): CodeIgniter\View\View->render('employee-form', [], true)
 5 APPPATH\Controllers\Home.php(34): view('employee-form', [...])
 6 SYSTEMPATH\CodeIgniter.php(932): App\Controllers\Home->form()
 7 SYSTEMPATH\CodeIgniter.php(497): CodeIgniter\CodeIgniter->runController(Object(App\Controllers\Home))
 8 SYSTEMPATH\CodeIgniter.php(366): CodeIgniter\CodeIgniter->handleRequest(null, Object(Config\Cache), false)
 9 FCPATH\index.php(67): CodeIgniter\CodeIgniter->run()
10 SYSTEMPATH\Commands\Server\rewrite.php(47): require_once('C:\\xampp-8\\htdocs\\sample-app\\public\\index.php')
CRITICAL - 2023-06-26 13:33:47 --> foreach() argument must be of type array|object, null given
in APPPATH\Views\employee-form.php on line 25.
 1 APPPATH\Views\employee-form.php(25): CodeIgniter\Debug\Exceptions->errorHandler(2, 'foreach() argument must be of type array|object, null given', 'C:\\xampp-8\\htdocs\\sample-app\\app\\Views\\employee-form.php', 25)
 2 SYSTEMPATH\View\View.php(224): include('C:\\xampp-8\\htdocs\\sample-app\\app\\Views\\employee-form.php')
 3 SYSTEMPATH\View\View.php(227): CodeIgniter\View\View->CodeIgniter\View\{closure}()
 4 SYSTEMPATH\Common.php(1180): CodeIgniter\View\View->render('employee-form', [], true)
 5 APPPATH\Controllers\Home.php(34): view('employee-form', [...])
 6 SYSTEMPATH\CodeIgniter.php(932): App\Controllers\Home->form()
 7 SYSTEMPATH\CodeIgniter.php(497): CodeIgniter\CodeIgniter->runController(Object(App\Controllers\Home))
 8 SYSTEMPATH\CodeIgniter.php(366): CodeIgniter\CodeIgniter->handleRequest(null, Object(Config\Cache), false)
 9 FCPATH\index.php(67): CodeIgniter\CodeIgniter->run()
10 SYSTEMPATH\Commands\Server\rewrite.php(47): require_once('C:\\xampp-8\\htdocs\\sample-app\\public\\index.php')
CRITICAL - 2023-06-26 13:34:28 --> foreach() argument must be of type array|object, null given
in APPPATH\Views\employee-form.php on line 25.
 1 APPPATH\Views\employee-form.php(25): CodeIgniter\Debug\Exceptions->errorHandler(2, 'foreach() argument must be of type array|object, null given', 'C:\\xampp-8\\htdocs\\sample-app\\app\\Views\\employee-form.php', 25)
 2 SYSTEMPATH\View\View.php(224): include('C:\\xampp-8\\htdocs\\sample-app\\app\\Views\\employee-form.php')
 3 SYSTEMPATH\View\View.php(227): CodeIgniter\View\View->CodeIgniter\View\{closure}()
 4 SYSTEMPATH\Common.php(1180): CodeIgniter\View\View->render('employee-form', [], true)
 5 APPPATH\Controllers\Home.php(34): view('employee-form', [...])
 6 SYSTEMPATH\CodeIgniter.php(932): App\Controllers\Home->form()
 7 SYSTEMPATH\CodeIgniter.php(497): CodeIgniter\CodeIgniter->runController(Object(App\Controllers\Home))
 8 SYSTEMPATH\CodeIgniter.php(366): CodeIgniter\CodeIgniter->handleRequest(null, Object(Config\Cache), false)
 9 FCPATH\index.php(67): CodeIgniter\CodeIgniter->run()
10 SYSTEMPATH\Commands\Server\rewrite.php(47): require_once('C:\\xampp-8\\htdocs\\sample-app\\public\\index.php')
CRITICAL - 2023-06-26 13:34:49 --> foreach() argument must be of type array|object, null given
in APPPATH\Views\employee-form.php on line 25.
 1 APPPATH\Views\employee-form.php(25): CodeIgniter\Debug\Exceptions->errorHandler(2, 'foreach() argument must be of type array|object, null given', 'C:\\xampp-8\\htdocs\\sample-app\\app\\Views\\employee-form.php', 25)
 2 SYSTEMPATH\View\View.php(224): include('C:\\xampp-8\\htdocs\\sample-app\\app\\Views\\employee-form.php')
 3 SYSTEMPATH\View\View.php(227): CodeIgniter\View\View->CodeIgniter\View\{closure}()
 4 SYSTEMPATH\Common.php(1180): CodeIgniter\View\View->render('employee-form', [], true)
 5 APPPATH\Controllers\Home.php(34): view('employee-form', [...])
 6 SYSTEMPATH\CodeIgniter.php(932): App\Controllers\Home->form()
 7 SYSTEMPATH\CodeIgniter.php(497): CodeIgniter\CodeIgniter->runController(Object(App\Controllers\Home))
 8 SYSTEMPATH\CodeIgniter.php(366): CodeIgniter\CodeIgniter->handleRequest(null, Object(Config\Cache), false)
 9 FCPATH\index.php(67): CodeIgniter\CodeIgniter->run()
10 SYSTEMPATH\Commands\Server\rewrite.php(47): require_once('C:\\xampp-8\\htdocs\\sample-app\\public\\index.php')
CRITICAL - 2023-06-26 13:35:25 --> foreach() argument must be of type array|object, null given
in APPPATH\Views\employee-form.php on line 25.
 1 APPPATH\Views\employee-form.php(25): CodeIgniter\Debug\Exceptions->errorHandler(2, 'foreach() argument must be of type array|object, null given', 'C:\\xampp-8\\htdocs\\sample-app\\app\\Views\\employee-form.php', 25)
 2 SYSTEMPATH\View\View.php(224): include('C:\\xampp-8\\htdocs\\sample-app\\app\\Views\\employee-form.php')
 3 SYSTEMPATH\View\View.php(227): CodeIgniter\View\View->CodeIgniter\View\{closure}()
 4 SYSTEMPATH\Common.php(1180): CodeIgniter\View\View->render('employee-form', [], true)
 5 APPPATH\Controllers\Home.php(34): view('employee-form', [...])
 6 SYSTEMPATH\CodeIgniter.php(932): App\Controllers\Home->form()
 7 SYSTEMPATH\CodeIgniter.php(497): CodeIgniter\CodeIgniter->runController(Object(App\Controllers\Home))
 8 SYSTEMPATH\CodeIgniter.php(366): CodeIgniter\CodeIgniter->handleRequest(null, Object(Config\Cache), false)
 9 FCPATH\index.php(67): CodeIgniter\CodeIgniter->run()
10 SYSTEMPATH\Commands\Server\rewrite.php(47): require_once('C:\\xampp-8\\htdocs\\sample-app\\public\\index.php')
CRITICAL - 2023-06-26 13:35:44 --> foreach() argument must be of type array|object, null given
in APPPATH\Views\employee-form.php on line 25.
 1 APPPATH\Views\employee-form.php(25): CodeIgniter\Debug\Exceptions->errorHandler(2, 'foreach() argument must be of type array|object, null given', 'C:\\xampp-8\\htdocs\\sample-app\\app\\Views\\employee-form.php', 25)
 2 SYSTEMPATH\View\View.php(224): include('C:\\xampp-8\\htdocs\\sample-app\\app\\Views\\employee-form.php')
 3 SYSTEMPATH\View\View.php(227): CodeIgniter\View\View->CodeIgniter\View\{closure}()
 4 SYSTEMPATH\Common.php(1180): CodeIgniter\View\View->render('employee-form', [], true)
 5 APPPATH\Controllers\Home.php(34): view('employee-form', [...])
 6 SYSTEMPATH\CodeIgniter.php(932): App\Controllers\Home->form()
 7 SYSTEMPATH\CodeIgniter.php(497): CodeIgniter\CodeIgniter->runController(Object(App\Controllers\Home))
 8 SYSTEMPATH\CodeIgniter.php(366): CodeIgniter\CodeIgniter->handleRequest(null, Object(Config\Cache), false)
 9 FCPATH\index.php(67): CodeIgniter\CodeIgniter->run()
10 SYSTEMPATH\Commands\Server\rewrite.php(47): require_once('C:\\xampp-8\\htdocs\\sample-app\\public\\index.php')
CRITICAL - 2023-06-26 13:36:21 --> Undefined variable $id
in APPPATH\Controllers\Home.php on line 31.
 1 APPPATH\Controllers\Home.php(31): CodeIgniter\Debug\Exceptions->errorHandler(2, 'Undefined variable $id', 'C:\\xampp-8\\htdocs\\sample-app\\app\\Controllers\\Home.php', 31)
 2 SYSTEMPATH\CodeIgniter.php(932): App\Controllers\Home->form()
 3 SYSTEMPATH\CodeIgniter.php(497): CodeIgniter\CodeIgniter->runController(Object(App\Controllers\Home))
 4 SYSTEMPATH\CodeIgniter.php(366): CodeIgniter\CodeIgniter->handleRequest(null, Object(Config\Cache), false)
 5 FCPATH\index.php(67): CodeIgniter\CodeIgniter->run()
 6 SYSTEMPATH\Commands\Server\rewrite.php(47): require_once('C:\\xampp-8\\htdocs\\sample-app\\public\\index.php')
CRITICAL - 2023-06-26 13:36:28 --> Array to string conversion
in APPPATH\Views\employee-form.php on line 44.
 1 APPPATH\Views\employee-form.php(44): CodeIgniter\Debug\Exceptions->errorHandler(2, 'Array to string conversion', 'C:\\xampp-8\\htdocs\\sample-app\\app\\Views\\employee-form.php', 44)
 2 SYSTEMPATH\View\View.php(224): include('C:\\xampp-8\\htdocs\\sample-app\\app\\Views\\employee-form.php')
 3 SYSTEMPATH\View\View.php(227): CodeIgniter\View\View->CodeIgniter\View\{closure}()
 4 SYSTEMPATH\Common.php(1180): CodeIgniter\View\View->render('employee-form', [], true)
 5 APPPATH\Controllers\Home.php(34): view('employee-form', [...])
 6 SYSTEMPATH\CodeIgniter.php(932): App\Controllers\Home->form()
 7 SYSTEMPATH\CodeIgniter.php(497): CodeIgniter\CodeIgniter->runController(Object(App\Controllers\Home))
 8 SYSTEMPATH\CodeIgniter.php(366): CodeIgniter\CodeIgniter->handleRequest(null, Object(Config\Cache), false)
 9 FCPATH\index.php(67): CodeIgniter\CodeIgniter->run()
10 SYSTEMPATH\Commands\Server\rewrite.php(47): require_once('C:\\xampp-8\\htdocs\\sample-app\\public\\index.php')
CRITICAL - 2023-06-26 13:36:54 --> foreach() argument must be of type array|object, null given
in APPPATH\Views\employee-form.php on line 25.
 1 APPPATH\Views\employee-form.php(25): CodeIgniter\Debug\Exceptions->errorHandler(2, 'foreach() argument must be of type array|object, null given', 'C:\\xampp-8\\htdocs\\sample-app\\app\\Views\\employee-form.php', 25)
 2 SYSTEMPATH\View\View.php(224): include('C:\\xampp-8\\htdocs\\sample-app\\app\\Views\\employee-form.php')
 3 SYSTEMPATH\View\View.php(227): CodeIgniter\View\View->CodeIgniter\View\{closure}()
 4 SYSTEMPATH\Common.php(1180): CodeIgniter\View\View->render('employee-form', [], true)
 5 APPPATH\Controllers\Home.php(34): view('employee-form', [...])
 6 SYSTEMPATH\CodeIgniter.php(932): App\Controllers\Home->form()
 7 SYSTEMPATH\CodeIgniter.php(497): CodeIgniter\CodeIgniter->runController(Object(App\Controllers\Home))
 8 SYSTEMPATH\CodeIgniter.php(366): CodeIgniter\CodeIgniter->handleRequest(null, Object(Config\Cache), false)
 9 FCPATH\index.php(67): CodeIgniter\CodeIgniter->run()
10 SYSTEMPATH\Commands\Server\rewrite.php(47): require_once('C:\\xampp-8\\htdocs\\sample-app\\public\\index.php')
CRITICAL - 2023-06-26 13:37:16 --> Too few arguments to function App\Controllers\Home::loadAccessLevels(), 0 passed in C:\xampp-8\htdocs\sample-app\app\Controllers\Home.php on line 30 and exactly 1 expected
in APPPATH\Controllers\Home.php on line 54.
 1 APPPATH\Controllers\Home.php(30): App\Controllers\Home->loadAccessLevels()
 2 SYSTEMPATH\CodeIgniter.php(932): App\Controllers\Home->form()
 3 SYSTEMPATH\CodeIgniter.php(497): CodeIgniter\CodeIgniter->runController(Object(App\Controllers\Home))
 4 SYSTEMPATH\CodeIgniter.php(366): CodeIgniter\CodeIgniter->handleRequest(null, Object(Config\Cache), false)
 5 FCPATH\index.php(67): CodeIgniter\CodeIgniter->run()
 6 SYSTEMPATH\Commands\Server\rewrite.php(47): require_once('C:\\xampp-8\\htdocs\\sample-app\\public\\index.php')
